build/app/intermediates/manifest_merge_blame_file/release/manifest-merger-blame-release-report.txt
1<?xml version="1.0" encoding="utf-8"?>
2<manifest xmlns:android="http://schemas.android.com/apk/res/android"
3    package="com.example.shazam"
4    android:versionCode="1"
5    android:versionName="1.0.0" >
6
7    <uses-sdk
8        android:minSdkVersion="16"
8-->src\main\AndroidManifest.xml
9        android:targetSdkVersion="29" />
9-->src\main\AndroidManifest.xml
10
11    <uses-permission android:name="android.permission.RECORD_AUDIO" />
11-->[:acr_cloud_sdk] AndroidManifest.xml:7:5-71
11-->[:acr_cloud_sdk] AndroidManifest.xml:7:22-68
12    <uses-permission android:name="android.permission.ACCESS_NETWORK_STATE" />
12-->[:acr_cloud_sdk] AndroidManifest.xml:8:5-79
12-->[:acr_cloud_sdk] AndroidManifest.xml:8:22-76
13    <uses-permission android:name="android.permission.ACCESS_WIFI_STATE" />
13-->[:acr_cloud_sdk] AndroidManifest.xml:9:5-76
13-->[:acr_cloud_sdk] AndroidManifest.xml:9:22-73
14    <uses-permission android:name="android.permission.INTERNET" />
14-->[:acr_cloud_sdk] AndroidManifest.xml:10:5-67
14-->[:acr_cloud_sdk] AndroidManifest.xml:10:22-64
15    <uses-permission android:name="android.permission.READ_PHONE_STATE" />
15-->[:acr_cloud_sdk] AndroidManifest.xml:11:5-75
15-->[:acr_cloud_sdk] AndroidManifest.xml:11:22-72
16    <uses-permission android:name="android.permission.READ_EXTERNAL_STORAGE" />
16-->[:acr_cloud_sdk] AndroidManifest.xml:12:5-80
16-->[:acr_cloud_sdk] AndroidManifest.xml:12:22-77
17    <uses-permission android:name="android.permission.WRITE_EXTERNAL_STORAGE" />
17-->[:acr_cloud_sdk] AndroidManifest.xml:13:5-81
17-->[:acr_cloud_sdk] AndroidManifest.xml:13:22-78
18    <uses-permission android:name="android.permission.ACCESS_COARSE_LOCATION" />
18-->[:acr_cloud_sdk] AndroidManifest.xml:14:5-81
18-->[:acr_cloud_sdk] AndroidManifest.xml:14:22-78
19    <uses-permission android:name="android.permission.ACCESS_FINE_LOCATION" />
19-->[:acr_cloud_sdk] AndroidManifest.xml:15:5-79
19-->[:acr_cloud_sdk] AndroidManifest.xml:15:22-76
20    <!--
21 io.flutter.app.FlutterApplication is an android.app.Application that
22         calls FlutterMain.startInitialization(this); in its onCreate method.
23         In most cases you can leave this as-is, but you if you want to provide
24         additional functionality it is fine to subclass or reimplement
25         FlutterApplication and put your custom class here.
26    -->
27    <application
27-->src\main\AndroidManifest.xml:8:5-46:19
28        android:name="io.flutter.app.FlutterApplication"
28-->src\main\AndroidManifest.xml:9:9-57
29        android:appComponentFactory="androidx.core.app.CoreComponentFactory"
29-->[androidx.core:core:1.1.0] AndroidManifest.xml:24:18-86
30        android:icon="@mipmap/ic_launcher"
30-->src\main\AndroidManifest.xml:11:9-43
31        android:label="shazam" >
31-->src\main\AndroidManifest.xml:10:9-31
32        <activity
32-->src\main\AndroidManifest.xml:12:9-40:20
33            android:name="com.example.shazam.MainActivity"
33-->src\main\AndroidManifest.xml:13:13-41
34            android:configChanges="orientation|keyboardHidden|keyboard|screenSize|smallestScreenSize|locale|layoutDirection|fontScale|screenLayout|density|uiMode"
34-->src\main\AndroidManifest.xml:16:13-163
35            android:hardwareAccelerated="true"
35-->src\main\AndroidManifest.xml:17:13-47
36            android:launchMode="singleTop"
36-->src\main\AndroidManifest.xml:14:13-43
37            android:theme="@style/LaunchTheme"
37-->src\main\AndroidManifest.xml:15:13-47
38            android:windowSoftInputMode="adjustResize" >
38-->src\main\AndroidManifest.xml:18:13-55
39
40            <!--
41                 Specifies an Android theme to apply to this Activity as soon as
42                 the Android process has started. This theme is visible to the user
43                 while the Flutter UI initializes. After that, this theme continues
44                 to determine the Window background behind the Flutter UI.
45            -->
46            <meta-data
46-->src\main\AndroidManifest.xml:23:13-26:17
47                android:name="io.flutter.embedding.android.NormalTheme"
47-->src\main\AndroidManifest.xml:24:15-70
48                android:resource="@style/NormalTheme" />
48-->src\main\AndroidManifest.xml:25:15-52
49            <!--
50                 Displays an Android View that continues showing the launch screen
51                 Drawable until Flutter paints its first frame, then this splash
52                 screen fades out. A splash screen is useful to avoid any visual
53                 gap between the end of Android's launch screen and the painting of
54                 Flutter's first frame.
55            -->
56            <meta-data
56-->src\main\AndroidManifest.xml:32:13-35:17
57                android:name="io.flutter.embedding.android.SplashScreenDrawable"
57-->src\main\AndroidManifest.xml:33:15-79
58                android:resource="@drawable/launch_background" />
58-->src\main\AndroidManifest.xml:34:15-61
59
60            <intent-filter>
60-->src\main\AndroidManifest.xml:36:13-39:29
61                <action android:name="android.intent.action.MAIN" />
61-->src\main\AndroidManifest.xml:37:17-68
61-->src\main\AndroidManifest.xml:37:25-66
62
63                <category android:name="android.intent.category.LAUNCHER" />
63-->src\main\AndroidManifest.xml:38:17-76
63-->src\main\AndroidManifest.xml:38:27-74
64            </intent-filter>
65        </activity>
66        <!--
67             Don't delete the meta-data below.
68             This is used by the Flutter tool to generate GeneratedPluginRegistrant.java
69        -->
70        <meta-data
70-->src\main\AndroidManifest.xml:43:9-45:33
71            android:name="flutterEmbedding"
71-->src\main\AndroidManifest.xml:44:13-44
72            android:value="2" />
72-->src\main\AndroidManifest.xml:45:13-30
73    </application>
74
75</manifest>